<?xml version="1.0" encoding="UTF-8"?>
<!-- Generated by org.testng.reporters.JUnitReportReporter -->
<testsuite skipped="0" hostname="m-c02v61rzhtdg" name="com.rest.test.Greet" tests="1" failures="0" timestamp="17 Nov 2017 18:35:08 GMT" time="0.028" errors="0">
  <testcase name="get_xml_from_the_file" time="0.028" classname="com.rest.test.Greet"/>
</testsuite> <!-- com.rest.test.Greet -->
