<?xml version="1.0" encoding="UTF-8"?>
<!-- Generated by org.testng.reporters.JUnitReportReporter -->
<testsuite skipped="0" hostname="m-c02v61rzhtdg" name="com.selenium.TC1" tests="1" failures="0" timestamp="19 Nov 2017 23:47:53 GMT" time="2.636" errors="0">
  <testcase name="signIn" time="2.636" classname="com.selenium.TC1"/>
</testsuite> <!-- com.selenium.TC1 -->
