<?xml version="1.0" encoding="UTF-8"?>
<!-- Generated by org.testng.reporters.JUnitReportReporter -->
<testsuite skipped="0" hostname="m-c02v61rzhtdg" name="com.selenium.TestPage" tests="1" failures="0" timestamp="18 Nov 2017 06:23:24 GMT" time="9.635" errors="0">
  <testcase name="testShoppingPage_firefox" time="9.635" classname="com.selenium.TestPage"/>
</testsuite> <!-- com.selenium.TestPage -->
