<?xml version="1.0" encoding="UTF-8"?>
<!-- Generated by org.testng.reporters.JUnitReportReporter -->
<testsuite skipped="0" hostname="m-c02v61rzhtdg" name="com.test.testng.TestClass1" tests="3" failures="0" timestamp="05 Feb 2018 01:26:32 GMT" time="0.015" errors="0">
  <testcase name="unitLevel1" time="0.007" classname="com.test.testng.TestClass1"/>
  <testcase name="unitLevel1" time="0.007" classname="com.test.testng.TestClass1"/>
  <testcase name="unitLevel1" time="0.001" classname="com.test.testng.TestClass1"/>
</testsuite> <!-- com.test.testng.TestClass1 -->
