<?xml version="1.0" encoding="UTF-8"?>
<!-- Generated by org.testng.reporters.JUnitReportReporter -->
<testsuite skipped="0" hostname="m-c02v61rzhtdg" name="com.test.TestLogin" tests="2" failures="0" timestamp="20 Nov 2017 05:13:38 GMT" time="27.388" errors="0">
  <testcase name="test" time="14.919" classname="com.test.TestLogin"/>
  <testcase name="test" time="12.469" classname="com.test.TestLogin"/>
</testsuite> <!-- com.test.TestLogin -->
