<?xml version="1.0" encoding="UTF-8"?>
<!-- Generated by org.testng.reporters.JUnitReportReporter -->
<testsuite skipped="0" hostname="m-c02v61rzhtdg" name="com.test.dataprovider.DataProviderEx" tests="2" failures="0" timestamp="28 Jan 2018 01:52:52 GMT" time="0.008" errors="0">
  <testcase name="testCredentioals" time="0.007" classname="com.test.dataprovider.DataProviderEx"/>
  <testcase name="testCredentioals" time="0.001" classname="com.test.dataprovider.DataProviderEx"/>
</testsuite> <!-- com.test.dataprovider.DataProviderEx -->
