<?xml version="1.0" encoding="UTF-8"?>
<!-- Generated by org.testng.reporters.JUnitReportReporter -->
<testsuite skipped="0" hostname="m-c02v61rzhtdg" name="com.rest.Hello" tests="2" failures="0" timestamp="15 Nov 2017 23:31:49 GMT" time="0.008" errors="0">
  <testcase name="test2" time="0.001" classname="com.rest.Hello"/>
  <testcase name="t1" time="0.007" classname="com.rest.Hello"/>
</testsuite> <!-- com.rest.Hello -->
