<?xml version="1.0" encoding="UTF-8"?>
<!-- Generated by org.testng.reporters.JUnitReportReporter -->
<testsuite skipped="0" hostname="m-c02v61rzhtdg" name="com.test.TestCalculator1" tests="1" failures="0" timestamp="08 Jan 2018 06:53:19 GMT" time="0.005" errors="0">
  <testcase name="testMultiply" time="0.005" classname="com.test.TestCalculator1"/>
</testsuite> <!-- com.test.TestCalculator1 -->
