<?xml version="1.0" encoding="UTF-8"?>
<!-- Generated by org.testng.reporters.JUnitReportReporter -->
<testsuite skipped="0" hostname="m-c02v61rzhtdg" name="com.cox.test.MergeCounterTest2" tests="4" failures="0" timestamp="25 Feb 2018 08:41:49 GMT" time="0.029" errors="0">
  <testcase name="testMergeCounterWhenFirstArrayIsEmpty" time="0.007" classname="com.cox.test.MergeCounterTest2"/>
  <testcase name="testMergeCounter" time="0.010" classname="com.cox.test.MergeCounterTest2"/>
  <testcase name="testMergeCounterWhenSecondArrayIsEmpty" time="0.007" classname="com.cox.test.MergeCounterTest2"/>
  <testcase name="testMergeCounterWithBoundaryAnalysis" time="0.005" classname="com.cox.test.MergeCounterTest2"/>
</testsuite> <!-- com.cox.test.MergeCounterTest2 -->
