<?xml version="1.0" encoding="UTF-8"?>
<!-- Generated by org.testng.reporters.JUnitReportReporter -->
<testsuite skipped="0" hostname="m-c02v61rzhtdg" name="com.rest.testng.examples.TestMethods" tests="2" failures="0" timestamp="08 Jan 2018 06:44:41 GMT" time="0.011" errors="0">
  <testcase name="t1" time="0.010" classname="com.rest.testng.examples.TestMethods"/>
  <testcase name="t2" time="0.001" classname="com.rest.testng.examples.TestMethods"/>
</testsuite> <!-- com.rest.testng.examples.TestMethods -->
