<?xml version="1.0" encoding="UTF-8"?>
<!-- Generated by org.testng.reporters.JUnitReportReporter -->
<testsuite skipped="0" hostname="m-c02v61rzhtdg" name="com.test.testng.TestClass2" tests="1" failures="0" timestamp="05 Feb 2018 00:33:38 GMT" time="0.001" errors="0">
  <testcase name="scenario1" time="0.001" classname="com.test.testng.TestClass2"/>
</testsuite> <!-- com.test.testng.TestClass2 -->
