<?xml version="1.0" encoding="UTF-8"?>
<!-- Generated by org.testng.reporters.JUnitReportReporter -->
<testsuite skipped="0" hostname="m-c02v61rzhtdg" name="com.test.verify.TestVerify" tests="1" failures="0" timestamp="19 Jan 2018 07:27:38 GMT" time="0.008" errors="0">
  <testcase name="test1" time="0.008" classname="com.test.verify.TestVerify"/>
</testsuite> <!-- com.test.verify.TestVerify -->
