<?xml version="1.0" encoding="UTF-8"?>
<!-- Generated by org.testng.reporters.JUnitReportReporter -->
<testsuite skipped="0" hostname="m-c02v61rzhtdg" name="com.rest.examples.Duplicate" tests="2" failures="0" timestamp="28 Jan 2018 01:21:37 GMT" time="0.007" errors="0">
  <testcase name="testDP" time="0.006" classname="com.rest.examples.Duplicate"/>
  <testcase name="testDP" time="0.001" classname="com.rest.examples.Duplicate"/>
</testsuite> <!-- com.rest.examples.Duplicate -->
