<?xml version="1.0" encoding="UTF-8"?>
<!-- Generated by org.testng.reporters.JUnitReportReporter -->
<testsuite skipped="0" hostname="m-c02v61rzhtdg" name="com.rest.test.Greet_XML_JSON_Parsing" tests="1" failures="0" timestamp="12 Jan 2018 07:02:54 GMT" time="0.059" errors="0">
  <testcase name="get_xml_from_the_file" time="0.059" classname="com.rest.test.Greet_XML_JSON_Parsing"/>
</testsuite> <!-- com.rest.test.Greet_XML_JSON_Parsing -->
