<?xml version="1.0" encoding="UTF-8"?>
<!-- Generated by org.testng.reporters.JUnitReportReporter -->
<testsuite skipped="0" hostname="m-c02v61rzhtdg" name="com.test.TestCalculator" tests="1" failures="0" timestamp="17 Nov 2017 21:43:28 GMT" time="0.006" errors="0">
  <testcase name="testAdd" time="0.006" classname="com.test.TestCalculator"/>
</testsuite> <!-- com.test.TestCalculator -->
