<?xml version="1.0" encoding="UTF-8"?>
<!-- Generated by org.testng.reporters.JUnitReportReporter -->
<testsuite skipped="0" hostname="m-c02v61rzhtdg" name="com.selenium.cross.browser.TestShop" tests="2" failures="0" timestamp="18 Nov 2017 21:36:05 GMT" time="14.130" errors="0">
  <testcase name="testCrossBrowser" time="7.308" classname="com.selenium.cross.browser.TestShop"/>
  <testcase name="testCrossBrowser" time="6.822" classname="com.selenium.cross.browser.TestShop"/>
</testsuite> <!-- com.selenium.cross.browser.TestShop -->
