<?xml version="1.0" encoding="UTF-8"?>
<!-- Generated by org.testng.reporters.JUnitReportReporter -->
<testsuite skipped="0" hostname="m-c02v61rzhtdg" name="com.rest.test.Hello" tests="1" failures="0" timestamp="03 Nov 2017 21:06:26 GMT" time="0.007" errors="0">
  <testcase name="t1" time="0.007" classname="com.rest.test.Hello"/>
</testsuite> <!-- com.rest.test.Hello -->
